0 info it worked if it ends with ok
1 verbose cli [ '/usr/local/bin/node', '/usr/local/bin/npm', 'publish' ]
2 info using npm@3.10.8
3 info using node@v6.9.1
4 verbose publish [ '.' ]
5 silly cache add args [ '.', null ]
6 verbose cache add spec .
7 silly cache add parsed spec Result {
7 silly cache add   raw: '.',
7 silly cache add   scope: null,
7 silly cache add   escapedName: null,
7 silly cache add   name: null,
7 silly cache add   rawSpec: '.',
7 silly cache add   spec: '/Users/grigory51/Workspace/kts-libs/backbonekts',
7 silly cache add   type: 'directory' }
8 verbose addLocalDirectory /Users/grigory51/.npm/backbonekts/0.3.9/package.tgz not in flight; packing
9 verbose correctMkdir /Users/grigory51/.npm correctMkdir not in flight; initializing
10 info lifecycle backbonekts@0.3.9~prepublish: backbonekts@0.3.9
11 silly lifecycle backbonekts@0.3.9~prepublish: no script for prepublish, continuing
12 verbose tar pack [ '/Users/grigory51/.npm/backbonekts/0.3.9/package.tgz',
12 verbose tar pack   '/Users/grigory51/Workspace/kts-libs/backbonekts' ]
13 verbose tarball /Users/grigory51/.npm/backbonekts/0.3.9/package.tgz
14 verbose folder /Users/grigory51/Workspace/kts-libs/backbonekts
15 verbose addLocalTarball adding from inside cache /Users/grigory51/.npm/backbonekts/0.3.9/package.tgz
16 verbose correctMkdir /Users/grigory51/.npm correctMkdir not in flight; initializing
17 silly cache afterAdd backbonekts@0.3.9
18 verbose afterAdd /Users/grigory51/.npm/backbonekts/0.3.9/package/package.json not in flight; writing
19 verbose correctMkdir /Users/grigory51/.npm correctMkdir not in flight; initializing
20 verbose afterAdd /Users/grigory51/.npm/backbonekts/0.3.9/package/package.json written
21 silly publish { name: 'backbonekts',
21 silly publish   version: '0.3.9',
21 silly publish   description: 'Base classes for powerful Backbone development',
21 silly publish   keywords: [ 'backbone', 'amd', 'requrejs' ],
21 silly publish   main: 'dist/backbonekts.js',
21 silly publish   homepage: 'http://gitlab.ktsstudio.ru/kts-libs/backbonekts',
21 silly publish   bugs: { url: 'http://gitlab.ktsstudio.ru/kts-libs/backbonekts' },
21 silly publish   author: { name: 'kts', email: 'team@ktsstudio.ru', url: 'ktsstudio.ru' },
21 silly publish   repository:
21 silly publish    { type: 'git',
21 silly publish      url: 'http://gitlab.ktsstudio.ru/kts-libs/backbonekts' },
21 silly publish   licenses: [ { type: 'MIT' } ],
21 silly publish   devDependencies:
21 silly publish    { grunt: '~0.4.2',
21 silly publish      'grunt-contrib-jshint': '~0.6.0',
21 silly publish      'grunt-contrib-concat': '~0.3.0',
21 silly publish      'grunt-contrib-uglify': '~0.2.2',
21 silly publish      'grunt-contrib-clean': '~0.5.0',
21 silly publish      'time-grunt': '~0.1.0',
21 silly publish      'load-grunt-tasks': '~0.2.0',
21 silly publish      'jshint-stylish': '~0.1.3' },
21 silly publish   dependencies: {},
21 silly publish   gitHead: 'b8c21b734aaeda5fef0947038578111d345518db',
21 silly publish   readme: 'ERROR: No README data found!',
21 silly publish   _id: 'backbonekts@0.3.9',
21 silly publish   scripts: {},
21 silly publish   _shasum: '8af67c6d0a8a0483776120a0d3575fe5ecd0a636',
21 silly publish   _from: '.' }
22 verbose getPublishConfig undefined
23 silly mapToRegistry name backbonekts
24 silly mapToRegistry using default registry
25 silly mapToRegistry registry https://registry.npmjs.org/
26 silly mapToRegistry data Result {
26 silly mapToRegistry   raw: 'backbonekts',
26 silly mapToRegistry   scope: null,
26 silly mapToRegistry   escapedName: 'backbonekts',
26 silly mapToRegistry   name: 'backbonekts',
26 silly mapToRegistry   rawSpec: '',
26 silly mapToRegistry   spec: 'latest',
26 silly mapToRegistry   type: 'tag' }
27 silly mapToRegistry uri https://registry.npmjs.org/backbonekts
28 verbose publish registryBase https://registry.npmjs.org/
29 silly publish uploading /Users/grigory51/.npm/backbonekts/0.3.9/package.tgz
30 verbose request uri https://registry.npmjs.org/backbonekts
31 verbose request sending authorization for write operation
32 info attempt registry request try #1 at 4:57:43 PM
33 verbose request using bearer token for auth
34 verbose request id c5b3399b46dc81a2
35 http request PUT https://registry.npmjs.org/backbonekts
36 http 403 https://registry.npmjs.org/backbonekts
37 verbose headers { 'content-type': 'application/json',
37 verbose headers   'cache-control': 'max-age=300',
37 verbose headers   'content-length': '95',
37 verbose headers   'accept-ranges': 'bytes',
37 verbose headers   date: 'Tue, 08 Nov 2016 13:57:44 GMT',
37 verbose headers   via: '1.1 varnish',
37 verbose headers   connection: 'keep-alive',
37 verbose headers   'x-served-by': 'cache-fra1222-FRA',
37 verbose headers   'x-cache': 'MISS',
37 verbose headers   'x-cache-hits': '0',
37 verbose headers   'x-timer': 'S1478613463.575758,VS0,VE1318',
37 verbose headers   vary: 'Accept-Encoding' }
38 verbose request invalidating /Users/grigory51/.npm/registry.npmjs.org/backbonekts on PUT
39 error publish Failed PUT 403
40 verbose stack Error: "You cannot publish over the previously published version 0.3.9." : backbonekts
40 verbose stack     at makeError (/usr/local/lib/node_modules/npm/node_modules/npm-registry-client/lib/request.js:302:12)
40 verbose stack     at CachingRegistryClient.<anonymous> (/usr/local/lib/node_modules/npm/node_modules/npm-registry-client/lib/request.js:290:14)
40 verbose stack     at Request._callback (/usr/local/lib/node_modules/npm/node_modules/npm-registry-client/lib/request.js:210:14)
40 verbose stack     at Request.self.callback (/usr/local/lib/node_modules/npm/node_modules/request/request.js:187:22)
40 verbose stack     at emitTwo (events.js:106:13)
40 verbose stack     at Request.emit (events.js:191:7)
40 verbose stack     at Request.<anonymous> (/usr/local/lib/node_modules/npm/node_modules/request/request.js:1044:10)
40 verbose stack     at emitOne (events.js:96:13)
40 verbose stack     at Request.emit (events.js:188:7)
40 verbose stack     at IncomingMessage.<anonymous> (/usr/local/lib/node_modules/npm/node_modules/request/request.js:965:12)
41 verbose statusCode 403
42 verbose pkgid backbonekts
43 verbose cwd /Users/grigory51/Workspace/kts-libs/backbonekts
44 error Darwin 16.1.0
45 error argv "/usr/local/bin/node" "/usr/local/bin/npm" "publish"
46 error node v6.9.1
47 error npm  v3.10.8
48 error code E403
49 error "You cannot publish over the previously published version 0.3.9." : backbonekts
50 error If you need help, you may report this error at:
50 error     <https://github.com/npm/npm/issues>
51 verbose exit [ 1, true ]
